#
# A fatal error has been detected by the Java Runtime Environment:
#
#  SIGSEGV (0xb) at pc=0x0000000101632d20, pid=1286, tid=16643
#
# JRE version: Java(TM) SE Runtime Environment (8.0_40-b27) (build 1.8.0_40-b27)
# Java VM: Java HotSpot(TM) 64-Bit Server VM (25.40-b25 mixed mode bsd-amd64 compressed oops)
# Problematic frame:
# V  [libjvm.dylib+0x432d20]  Method::checked_resolve_jmethod_id(_jmethodID*)+0xe
#
# Failed to write core dump. Core dumps have been disabled. To enable core dumping, try "ulimit -c unlimited" before starting Java again
#
# If you would like to submit a bug report, please visit:
#   http://bugreport.java.com/bugreport/crash.jsp
#

---------------  T H R E A D  ---------------

Current thread (0x00007fae90833000):  JavaThread "JDWP Transport Listener: dt_socket" daemon [_thread_in_vm, id=16643, stack(0x0000000119bed000,0x0000000119ced000)]

siginfo: si_signo: 11 (SIGSEGV), si_code: 0 (unknown), si_addr: 0x0000000000000000

Registers:
RAX=0x0000000000000001, RBX=0x0000000119ceca8b, RCX=0x00000001019fa190, RDX=0x0000000119ceca8b
RSP=0x0000000119cec9d0, RBP=0x0000000119cec9e0, RSI=0x00007fae90833000, RDI=0x3b003b003b746e65
R8 =0x0000000000000010, R9 =0x00007fae90500000, R10=0x0000000000000040, R11=0x00007fae90500000
R12=0x00007fae90833000, R13=0x3b003b003b746e65, R14=0x3b003b003b746e65, R15=0x00007fae90408c10
RIP=0x0000000101632d20, EFLAGS=0x0000000000010206, ERR=0x0000000000000000
  TRAPNO=0x000000000000000d

Top of Stack: (sp=0x0000000119cec9d0)
0x0000000119cec9d0:   0000000119ceca8b 0000000119ceca8b
0x0000000119cec9e0:   0000000119ceca40 000000010154311a
0x0000000119cec9f0:   00007fae90833000 0000000000000000
0x0000000119ceca00:   0000000000000000 0000000000000000
0x0000000119ceca10:   00007fae90833000 00007fae90833000
0x0000000119ceca20:   0000000119ceca8b 0000000119ceca90
0x0000000119ceca30:   3b003b003b746e65 000000000000000e
0x0000000119ceca40:   0000000119ceca60 000000010099e780
0x0000000119ceca50:   0000000000000001 0000000119cecb08
0x0000000119ceca60:   0000000119cecad0 00000001009831f3
0x0000000119ceca70:   0000000119cecaa0 00007fae90521940
0x0000000119ceca80:   0000001400000032 0000000a00cecb08
0x0000000119ceca90:   0000000000000000 0000000000000000
0x0000000119cecaa0:   0000000000000000 0000000119cecc90
0x0000000119cecab0:   00000001009a5e7a 00007fae90712830
0x0000000119cecac0:   0000000119cecb08 00000001009b1598
0x0000000119cecad0:   0000000119cecae0 00000001009832ec
0x0000000119cecae0:   0000000119cecd00 000000010098c898
0x0000000119cecaf0:   0001597200000013 00000000000f0200
0x0000000119cecb00:   00007fae9075d040 00007fae918c5189
0x0000000119cecb10:   00007fae000005d7 00007fae90521450
0x0000000119cecb20:   00007fae0000012c 0000000119cecb58
0x0000000119cecb30:   00007fae905214c0 00007f0000000000
0x0000000119cecb40:   0001597200000030 00007fff00002780
0x0000000119cecb50:   0000000119cecb58 ae7f000014000000
0x0000000119cecb60:   0800000058177590 3e74696e696c633c
0x0000000119cecb70:   0056292803000000 0008000000000000
0x0000000119cecb80:   0050177590ae7f00 74696e693c060000
0x0000000119cecb90:   4c4928610000003e 2f6c6670652f6863
0x0000000119cecba0:   732f7473616c6278 6f422f7265767265
0x0000000119cecbb0:   76616a4c3b647261 4c2f6c6974752f61
0x0000000119cecbc0:   76616a4c3b747369 4c2f6c6974752f61 

Instructions: (pc=0x0000000101632d20)
0x0000000101632d00:   40 48 48 85 c0 75 e0 30 c0 0f b6 c0 5d c3 31 c0
0x0000000101632d10:   5d c3 55 48 89 e5 53 48 83 ec 08 48 85 ff 74 24
0x0000000101632d20:   48 8b 1f 48 85 db 74 1c 48 83 fb 37 74 16 48 8b
0x0000000101632d30:   03 48 89 df ff 50 10 84 c0 b8 00 00 00 00 48 0f 

Register to memory mapping:

RAX=0x0000000000000001 is an unknown value
RBX=0x0000000119ceca8b is pointing into the stack for thread: 0x00007fae90833000
RCX=0x00000001019fa190: UseMembar+0 in /Library/Java/JavaVirtualMachines/jdk1.8.0_40.jdk/Contents/Home/jre/lib/server/libjvm.dylib at 0x0000000101200000
RDX=0x0000000119ceca8b is pointing into the stack for thread: 0x00007fae90833000
RSP=0x0000000119cec9d0 is pointing into the stack for thread: 0x00007fae90833000
RBP=0x0000000119cec9e0 is pointing into the stack for thread: 0x00007fae90833000
RSI=0x00007fae90833000 is a thread
RDI=0x3b003b003b746e65 is an unknown value
R8 =0x0000000000000010 is an unknown value
R9 =0x00007fae90500000 is an unknown value
R10=0x0000000000000040 is an unknown value
R11=0x00007fae90500000 is an unknown value
R12=0x00007fae90833000 is a thread
R13=0x3b003b003b746e65 is an unknown value
R14=0x3b003b003b746e65 is an unknown value
R15=0x00007fae90408c10 is an unknown value


Stack: [0x0000000119bed000,0x0000000119ced000],  sp=0x0000000119cec9d0,  free space=1022k
Native frames: (J=compiled Java code, j=interpreted, Vv=VM code, C=native code)
V  [libjvm.dylib+0x432d20]  Method::checked_resolve_jmethod_id(_jmethodID*)+0xe
V  [libjvm.dylib+0x34311a]  jvmti_IsMethodSynthetic+0xb2
C  [libjdwp.dylib+0x20780]  isMethodSynthetic+0x63
C  [libjdwp.dylib+0x51f3]  methods1+0x10b
C  [libjdwp.dylib+0x52ec]  methodsWithGeneric+0xe
C  [libjdwp.dylib+0xe898]  debugLoop_run+0x1ce
C  [libjdwp.dylib+0x1f6ba]  attachThread+0x4d
V  [libjvm.dylib+0x384060]  JvmtiAgentThread::call_start_function()+0x38
V  [libjvm.dylib+0x549acf]  JavaThread::thread_main_inner()+0x9b
V  [libjvm.dylib+0x54b1c0]  JavaThread::run()+0x1c2
V  [libjvm.dylib+0x46ea8e]  java_start(Thread*)+0xf6
C  [libsystem_pthread.dylib+0x405a]  _pthread_body+0x83
C  [libsystem_pthread.dylib+0x3fd7]  _pthread_body+0x0
C  [libsystem_pthread.dylib+0x13ed]  thread_start+0xd
C  0x0000000000000000


---------------  P R O C E S S  ---------------

Java Threads: ( => current thread )
  0x00007fae92069800 JavaThread "ReaderThread" [_thread_in_native, id=20739, stack(0x000000011a4a9000,0x000000011a5a9000)]
  0x00007fae9200d800 JavaThread "Service Thread" daemon [_thread_blocked, id=19715, stack(0x000000011a1ff000,0x000000011a2ff000)]
  0x00007fae90835000 JavaThread "C1 CompilerThread2" daemon [_thread_blocked, id=19203, stack(0x000000011a0fc000,0x000000011a1fc000)]
  0x00007fae90834000 JavaThread "C2 CompilerThread1" daemon [_thread_blocked, id=18691, stack(0x0000000119ff9000,0x000000011a0f9000)]
  0x00007fae9201f000 JavaThread "C2 CompilerThread0" daemon [_thread_blocked, id=18179, stack(0x0000000119ef6000,0x0000000119ff6000)]
  0x00007fae91832000 JavaThread "JDWP Command Reader" daemon [_thread_in_native, id=17667, stack(0x0000000119df3000,0x0000000119ef3000)]
  0x00007fae91801000 JavaThread "JDWP Event Helper Thread" daemon [_thread_blocked, id=17155, stack(0x0000000119cf0000,0x0000000119df0000)]
=>0x00007fae90833000 JavaThread "JDWP Transport Listener: dt_socket" daemon [_thread_in_vm, id=16643, stack(0x0000000119bed000,0x0000000119ced000)]
  0x00007fae9083a000 JavaThread "Signal Dispatcher" daemon [_thread_blocked, id=12303, stack(0x0000000119ae3000,0x0000000119be3000)]
  0x00007fae90816000 JavaThread "Finalizer" daemon [_thread_blocked, id=11523, stack(0x00000001180be000,0x00000001181be000)]
  0x00007fae9182b800 JavaThread "Reference Handler" daemon [_thread_blocked, id=11011, stack(0x0000000117fbb000,0x00000001180bb000)]
  0x00007fae91802800 JavaThread "main" [_thread_blocked, id=4867, stack(0x0000000100838000,0x0000000100938000)]

Other Threads:
  0x00007fae92009800 VMThread [stack: 0x0000000117eb8000,0x0000000117fb8000] [id=10499]
  0x00007fae9200e800 WatcherThread [stack: 0x000000011a302000,0x000000011a402000] [id=20227]

VM state:not at safepoint (normal execution)

VM Mutex/Monitor currently owned by a thread: None

Heap:
 PSYoungGen      total 26112K, used 896K [0x0000000795580000, 0x0000000797280000, 0x00000007c0000000)
  eden space 25600K, 3% used [0x0000000795580000,0x00000007956400e8,0x0000000796e80000)
  from space 512K, 25% used [0x0000000796f00000,0x0000000796f20000,0x0000000796f80000)
  to   space 2048K, 0% used [0x0000000797080000,0x0000000797080000,0x0000000797280000)
 ParOldGen       total 87552K, used 1708K [0x0000000740000000, 0x0000000745580000, 0x0000000795580000)
  object space 87552K, 1% used [0x0000000740000000,0x00000007401ab0e0,0x0000000745580000)
 Metaspace       used 7339K, capacity 7516K, committed 7680K, reserved 1056768K
  class space    used 842K, capacity 930K, committed 1024K, reserved 1048576K

Card table byte_map: [0x0000000111529000,0x000000011192a000] byte_map_base: 0x000000010db29000

Marking Bits: (ParMarkBitMap*) 0x0000000101ac27a0
 Begin Bits: [0x0000000111fe1000, 0x0000000113fe1000)
 End Bits:   [0x0000000113fe1000, 0x0000000115fe1000)

Polling page: 0x000000010097d000

CodeCache: size=245760Kb used=2156Kb max_used=2156Kb free=243603Kb
 bounds [0x0000000102169000, 0x00000001023d9000, 0x0000000111169000]
 total_blobs=780 nmethods=463 adapters=239
 compilation: enabled

Compilation events (10 events):
Event: 0.423 Thread 0x00007fae90835000  459       3       java.util.Collections$UnmodifiableCollection$1::hasNext (10 bytes)
Event: 0.423 Thread 0x00007fae90835000 nmethod 459 0x0000000102382250 code [0x00000001023823c0, 0x00000001023825e8]
Event: 0.423 Thread 0x00007fae90835000  448       3       java.util.Collections$UnmodifiableCollection$1::next (10 bytes)
Event: 0.423 Thread 0x00007fae90835000 nmethod 448 0x0000000102382690 code [0x0000000102382800, 0x0000000102382a28]
Event: 0.423 Thread 0x00007fae90835000  440       1       java.lang.invoke.MethodTypeForm::erasedType (5 bytes)
Event: 0.423 Thread 0x00007fae90835000 nmethod 440 0x0000000102382ad0 code [0x0000000102382c20, 0x0000000102382d30]
Event: 0.427 Thread 0x00007fae90835000  460  s    3       sun.misc.PerfCounter::add (18 bytes)
Event: 0.427 Thread 0x00007fae90835000 nmethod 460 0x0000000102382f90 code [0x0000000102383120, 0x0000000102383798]
Event: 0.427 Thread 0x00007fae90835000  461  s    3       sun.misc.PerfCounter::get (9 bytes)
Event: 0.428 Thread 0x00007fae90835000 nmethod 461 0x0000000102383a10 code [0x0000000102383b80, 0x0000000102383f08]

GC Heap History (10 events):
Event: 271.618 GC heap before
{Heap before GC invocations=15 (full 0):
 PSYoungGen      total 30208K, used 28288K [0x0000000795580000, 0x0000000797600000, 0x00000007c0000000)
  eden space 28160K, 100% used [0x0000000795580000,0x0000000797100000,0x0000000797100000)
  from space 2048K, 6% used [0x0000000797400000,0x0000000797420000,0x0000000797600000)
  to   space 2560K, 0% used [0x0000000797100000,0x0000000797100000,0x0000000797380000)
 ParOldGen       total 87552K, used 1644K [0x0000000740000000, 0x0000000745580000, 0x0000000795580000)
  object space 87552K, 1% used [0x0000000740000000,0x000000074019b0e0,0x0000000745580000)
 Metaspace       used 7295K, capacity 7452K, committed 7680K, reserved 1056768K
  class space    used 839K, capacity 930K, committed 1024K, reserved 1048576K
Event: 271.619 GC heap after
Heap after GC invocations=15 (full 0):
 PSYoungGen      total 28160K, used 128K [0x0000000795580000, 0x0000000797580000, 0x00000007c0000000)
  eden space 27648K, 0% used [0x0000000795580000,0x0000000795580000,0x0000000797080000)
  from space 512K, 25% used [0x0000000797100000,0x0000000797120000,0x0000000797180000)
  to   space 2560K, 0% used [0x0000000797300000,0x0000000797300000,0x0000000797580000)
 ParOldGen       total 87552K, used 1676K [0x0000000740000000, 0x0000000745580000, 0x0000000795580000)
  object space 87552K, 1% used [0x0000000740000000,0x00000007401a30e0,0x0000000745580000)
 Metaspace       used 7295K, capacity 7452K, committed 7680K, reserved 1056768K
  class space    used 839K, capacity 930K, committed 1024K, reserved 1048576K
}
Event: 287.362 GC heap before
{Heap before GC invocations=16 (full 0):
 PSYoungGen      total 28160K, used 27776K [0x0000000795580000, 0x0000000797580000, 0x00000007c0000000)
  eden space 27648K, 100% used [0x0000000795580000,0x0000000797080000,0x0000000797080000)
  from space 512K, 25% used [0x0000000797100000,0x0000000797120000,0x0000000797180000)
  to   space 2560K, 0% used [0x0000000797300000,0x0000000797300000,0x0000000797580000)
 ParOldGen       total 87552K, used 1676K [0x0000000740000000, 0x0000000745580000, 0x0000000795580000)
  object space 87552K, 1% used [0x0000000740000000,0x00000007401a30e0,0x0000000745580000)
 Metaspace       used 7295K, capacity 7452K, committed 7680K, reserved 1056768K
  class space    used 839K, capacity 930K, committed 1024K, reserved 1048576K
Event: 287.362 GC heap after
Heap after GC invocations=16 (full 0):
 PSYoungGen      total 29184K, used 64K [0x0000000795580000, 0x0000000797500000, 0x00000007c0000000)
  eden space 27136K, 0% used [0x0000000795580000,0x0000000795580000,0x0000000797000000)
  from space 2048K, 3% used [0x0000000797300000,0x0000000797310000,0x0000000797500000)
  to   space 2560K, 0% used [0x0000000797000000,0x0000000797000000,0x0000000797280000)
 ParOldGen       total 87552K, used 1684K [0x0000000740000000, 0x0000000745580000, 0x0000000795580000)
  object space 87552K, 1% used [0x0000000740000000,0x00000007401a50e0,0x0000000745580000)
 Metaspace       used 7295K, capacity 7452K, committed 7680K, reserved 1056768K
  class space    used 839K, capacity 930K, committed 1024K, reserved 1048576K
}
Event: 302.811 GC heap before
{Heap before GC invocations=17 (full 0):
 PSYoungGen      total 29184K, used 27200K [0x0000000795580000, 0x0000000797500000, 0x00000007c0000000)
  eden space 27136K, 100% used [0x0000000795580000,0x0000000797000000,0x0000000797000000)
  from space 2048K, 3% used [0x0000000797300000,0x0000000797310000,0x0000000797500000)
  to   space 2560K, 0% used [0x0000000797000000,0x0000000797000000,0x0000000797280000)
 ParOldGen       total 87552K, used 1684K [0x0000000740000000, 0x0000000745580000, 0x0000000795580000)
  object space 87552K, 1% used [0x0000000740000000,0x00000007401a50e0,0x0000000745580000)
 Metaspace       used 7295K, capacity 7452K, committed 7680K, reserved 1056768K
  class space    used 839K, capacity 930K, committed 1024K, reserved 1048576K
Event: 302.811 GC heap after
Heap after GC invocations=17 (full 0):
 PSYoungGen      total 27136K, used 128K [0x0000000795580000, 0x0000000797480000, 0x00000007c0000000)
  eden space 26624K, 0% used [0x0000000795580000,0x0000000795580000,0x0000000796f80000)
  from space 512K, 25% used [0x0000000797000000,0x0000000797020000,0x0000000797080000)
  to   space 2560K, 0% used [0x0000000797200000,0x0000000797200000,0x0000000797480000)
 ParOldGen       total 87552K, used 1692K [0x0000000740000000, 0x0000000745580000, 0x0000000795580000)
  object space 87552K, 1% used [0x0000000740000000,0x00000007401a70e0,0x0000000745580000)
 Metaspace       used 7295K, capacity 7452K, committed 7680K, reserved 1056768K
  class space    used 839K, capacity 930K, committed 1024K, reserved 1048576K
}
Event: 317.963 GC heap before
{Heap before GC invocations=18 (full 0):
 PSYoungGen      total 27136K, used 26752K [0x0000000795580000, 0x0000000797480000, 0x00000007c0000000)
  eden space 26624K, 100% used [0x0000000795580000,0x0000000796f80000,0x0000000796f80000)
  from space 512K, 25% used [0x0000000797000000,0x0000000797020000,0x0000000797080000)
  to   space 2560K, 0% used [0x0000000797200000,0x0000000797200000,0x0000000797480000)
 ParOldGen       total 87552K, used 1692K [0x0000000740000000, 0x0000000745580000, 0x0000000795580000)
  object space 87552K, 1% used [0x0000000740000000,0x00000007401a70e0,0x0000000745580000)
 Metaspace       used 7295K, capacity 7452K, committed 7680K, reserved 1056768K
  class space    used 839K, capacity 930K, committed 1024K, reserved 1048576K
Event: 317.964 GC heap after
Heap after GC invocations=18 (full 0):
 PSYoungGen      total 27136K, used 64K [0x0000000795580000, 0x0000000797300000, 0x00000007c0000000)
  eden space 26112K, 0% used [0x0000000795580000,0x0000000795580000,0x0000000796f00000)
  from space 1024K, 6% used [0x0000000797200000,0x0000000797210000,0x0000000797300000)
  to   space 2048K, 0% used [0x0000000796f00000,0x0000000796f00000,0x0000000797100000)
 ParOldGen       total 87552K, used 1700K [0x0000000740000000, 0x0000000745580000, 0x0000000795580000)
  object space 87552K, 1% used [0x0000000740000000,0x00000007401a90e0,0x0000000745580000)
 Metaspace       used 7295K, capacity 7452K, committed 7680K, reserved 1056768K
  class space    used 839K, capacity 930K, committed 1024K, reserved 1048576K
}
Event: 332.818 GC heap before
{Heap before GC invocations=19 (full 0):
 PSYoungGen      total 27136K, used 26176K [0x0000000795580000, 0x0000000797300000, 0x00000007c0000000)
  eden space 26112K, 100% used [0x0000000795580000,0x0000000796f00000,0x0000000796f00000)
  from space 1024K, 6% used [0x0000000797200000,0x0000000797210000,0x0000000797300000)
  to   space 2048K, 0% used [0x0000000796f00000,0x0000000796f00000,0x0000000797100000)
 ParOldGen       total 87552K, used 1700K [0x0000000740000000, 0x0000000745580000, 0x0000000795580000)
  object space 87552K, 1% used [0x0000000740000000,0x00000007401a90e0,0x0000000745580000)
 Metaspace       used 7295K, capacity 7452K, committed 7680K, reserved 1056768K
  class space    used 839K, capacity 930K, committed 1024K, reserved 1048576K
Event: 332.818 GC heap after
Heap after GC invocations=19 (full 0):
 PSYoungGen      total 26112K, used 128K [0x0000000795580000, 0x0000000797280000, 0x00000007c0000000)
  eden space 25600K, 0% used [0x0000000795580000,0x0000000795580000,0x0000000796e80000)
  from space 512K, 25% used [0x0000000796f00000,0x0000000796f20000,0x0000000796f80000)
  to   space 2048K, 0% used [0x0000000797080000,0x0000000797080000,0x0000000797280000)
 ParOldGen       total 87552K, used 1708K [0x0000000740000000, 0x0000000745580000, 0x0000000795580000)
  object space 87552K, 1% used [0x0000000740000000,0x00000007401ab0e0,0x0000000745580000)
 Metaspace       used 7295K, capacity 7452K, committed 7680K, reserved 1056768K
  class space    used 839K, capacity 930K, committed 1024K, reserved 1048576K
}

Deoptimization events (0 events):
No events

Internal exceptions (10 events):
Event: 0.143 Thread 0x00007fae91802800 Exception <a 'java/util/zip/ZipException'> (0x000000079585b608) thrown at [/Users/java_re/workspace/8-2-build-macosx-x86_64/jdk8u40/3153/hotspot/src/share/vm/prims/jni.cpp, line 709]
Event: 0.143 Thread 0x00007fae91802800 Exception <a 'java/security/PrivilegedActionException'> (0x000000079585b7b8) thrown at [/Users/java_re/workspace/8-2-build-macosx-x86_64/jdk8u40/3153/hotspot/src/share/vm/prims/jvm.cpp, line 1382]
Event: 0.143 Thread 0x00007fae91802800 Exception <a 'java/security/PrivilegedActionException'> (0x000000079585b970) thrown at [/Users/java_re/workspace/8-2-build-macosx-x86_64/jdk8u40/3153/hotspot/src/share/vm/prims/jvm.cpp, line 1382]
Event: 0.314 Thread 0x00007fae91802800 Exception <a 'java/security/PrivilegedActionException'> (0x0000000795c75d98) thrown at [/Users/java_re/workspace/8-2-build-macosx-x86_64/jdk8u40/3153/hotspot/src/share/vm/prims/jvm.cpp, line 1382]
Event: 0.314 Thread 0x00007fae91802800 Exception <a 'java/security/PrivilegedActionException'> (0x0000000795c760e0) thrown at [/Users/java_re/workspace/8-2-build-macosx-x86_64/jdk8u40/3153/hotspot/src/share/vm/prims/jvm.cpp, line 1382]
Event: 0.315 Thread 0x00007fae91802800 Exception <a 'java/security/PrivilegedActionException'> (0x0000000795c795f0) thrown at [/Users/java_re/workspace/8-2-build-macosx-x86_64/jdk8u40/3153/hotspot/src/share/vm/prims/jvm.cpp, line 1382]
Event: 0.315 Thread 0x00007fae91802800 Exception <a 'java/security/PrivilegedActionException'> (0x0000000795c79938) thrown at [/Users/java_re/workspace/8-2-build-macosx-x86_64/jdk8u40/3153/hotspot/src/share/vm/prims/jvm.cpp, line 1382]
Event: 0.404 Thread 0x00007fae91802800 Exception <a 'java/lang/NoSuchFieldError': method resolution failed> (0x0000000795dea9f8) thrown at [/Users/java_re/workspace/8-2-build-macosx-x86_64/jdk8u40/3153/hotspot/src/share/vm/prims/methodHandles.cpp, line 1125]
Event: 0.409 Thread 0x00007fae91802800 Exception <a 'java/lang/NoSuchFieldError': method resolution failed> (0x0000000795df9338) thrown at [/Users/java_re/workspace/8-2-build-macosx-x86_64/jdk8u40/3153/hotspot/src/share/vm/prims/methodHandles.cpp, line 1125]
Event: 0.590 Thread 0x00007fae91802800 Exception <a 'java/lang/NoSuchMethodError': java.lang.Object.lambda$negate$11(Ljava/lang/Object;)Z> (0x0000000795edf8b0) thrown at [/Users/java_re/workspace/8-2-build-macosx-x86_64/jdk8u40/3153/hotspot/src/share/vm/interpreter/linkResolver.cpp, line 582]

Events (10 events):
Event: 578.585 Executing VM operation: GetOrSetLocal
Event: 578.585 Executing VM operation: GetOrSetLocal done
Event: 600.812 Executing VM operation: GetCurrentLocation
Event: 600.812 Executing VM operation: GetCurrentLocation done
Event: 600.812 Executing VM operation: ChangeSingleStep
Event: 600.812 Executing VM operation: ChangeSingleStep done
Event: 600.812 Executing VM operation: ChangeSingleStep
Event: 600.812 Executing VM operation: ChangeSingleStep done
Event: 600.817 Executing VM operation: RedefineClasses
Event: 600.821 Executing VM operation: RedefineClasses done


Dynamic libraries:
0x0000000007abd000 	/System/Library/Frameworks/Cocoa.framework/Versions/A/Cocoa
0x0000000007abd000 	/System/Library/Frameworks/Security.framework/Versions/A/Security
0x0000000007abd000 	/System/Library/Frameworks/ApplicationServices.framework/Versions/A/ApplicationServices
0x0000000007abd000 	/usr/lib/libz.1.dylib
0x0000000007abd000 	/usr/lib/libSystem.B.dylib
0x0000000007abd000 	/usr/lib/libobjc.A.dylib
0x0000000007abd000 	/System/Library/Frameworks/CoreFoundation.framework/Versions/A/CoreFoundation
0x0000000007abd000 	/System/Library/Frameworks/Foundation.framework/Versions/C/Foundation
0x0000000007abd000 	/System/Library/Frameworks/AppKit.framework/Versions/C/AppKit
0x0000000007abd000 	/System/Library/Frameworks/CoreData.framework/Versions/A/CoreData
0x0000000007abd000 	/System/Library/PrivateFrameworks/RemoteViewServices.framework/Versions/A/RemoteViewServices
0x0000000007abd000 	/System/Library/PrivateFrameworks/UIFoundation.framework/Versions/A/UIFoundation
0x0000000007abd000 	/System/Library/Frameworks/IOSurface.framework/Versions/A/IOSurface
0x0000000007abd000 	/System/Library/Frameworks/AudioToolbox.framework/Versions/A/AudioToolbox
0x0000000007abd000 	/System/Library/Frameworks/AudioUnit.framework/Versions/A/AudioUnit
0x0000000007abd000 	/System/Library/PrivateFrameworks/DataDetectorsCore.framework/Versions/A/DataDetectorsCore
0x0000000007abd000 	/System/Library/PrivateFrameworks/DesktopServicesPriv.framework/Versions/A/DesktopServicesPriv
0x0000000007abd000 	/System/Library/Frameworks/Carbon.framework/Versions/A/Frameworks/HIToolbox.framework/Versions/A/HIToolbox
0x0000000007abd000 	/System/Library/Frameworks/QuartzCore.framework/Versions/A/QuartzCore
0x0000000007abd000 	/System/Library/Frameworks/Carbon.framework/Versions/A/Frameworks/SpeechRecognition.framework/Versions/A/SpeechRecognition
0x0000000007abd000 	/usr/lib/libauto.dylib
0x0000000007abd000 	/usr/lib/libicucore.A.dylib
0x0000000007abd000 	/usr/lib/libxml2.2.dylib
0x0000000007abd000 	/System/Library/PrivateFrameworks/CoreUI.framework/Versions/A/CoreUI
0x0000000007abd000 	/System/Library/Frameworks/CoreAudio.framework/Versions/A/CoreAudio
0x0000000007abd000 	/System/Library/Frameworks/DiskArbitration.framework/Versions/A/DiskArbitration
0x0000000007abd000 	/usr/lib/liblangid.dylib
0x0000000007abd000 	/System/Library/PrivateFrameworks/MultitouchSupport.framework/Versions/A/MultitouchSupport
0x0000000007abd000 	/System/Library/Frameworks/IOKit.framework/Versions/A/IOKit
0x0000000007abd000 	/usr/lib/libDiagnosticMessagesClient.dylib
0x0000000007abd000 	/System/Library/Frameworks/CoreServices.framework/Versions/A/CoreServices
0x0000000007abd000 	/System/Library/PrivateFrameworks/PerformanceAnalysis.framework/Versions/A/PerformanceAnalysis
0x0000000007abd000 	/System/Library/PrivateFrameworks/GenerationalStorage.framework/Versions/A/GenerationalStorage
0x0000000007abd000 	/System/Library/Frameworks/OpenGL.framework/Versions/A/OpenGL
0x0000000007abd000 	/System/Library/PrivateFrameworks/Sharing.framework/Versions/A/Sharing
0x0000000007abd000 	/System/Library/Frameworks/CoreGraphics.framework/Versions/A/CoreGraphics
0x0000000007abd000 	/System/Library/Frameworks/CoreText.framework/Versions/A/CoreText
0x0000000007abd000 	/System/Library/Frameworks/ImageIO.framework/Versions/A/ImageIO
0x0000000007abd000 	/usr/lib/libextension.dylib
0x0000000007abd000 	/System/Library/PrivateFrameworks/Backup.framework/Versions/A/Backup
0x0000000007abd000 	/usr/lib/libarchive.2.dylib
0x0000000007abd000 	/System/Library/Frameworks/CFNetwork.framework/Versions/A/CFNetwork
0x0000000007abd000 	/System/Library/Frameworks/SystemConfiguration.framework/Versions/A/SystemConfiguration
0x0000000007abd000 	/usr/lib/libCRFSuite.dylib
0x0000000007abd000 	/usr/lib/libc++.1.dylib
0x0000000007abd000 	/usr/lib/libc++abi.dylib
0x0000000007abd000 	/usr/lib/system/libcache.dylib
0x0000000007abd000 	/usr/lib/system/libcommonCrypto.dylib
0x0000000007abd000 	/usr/lib/system/libcompiler_rt.dylib
0x0000000007abd000 	/usr/lib/system/libcopyfile.dylib
0x0000000007abd000 	/usr/lib/system/libcorecrypto.dylib
0x0000000007abd000 	/usr/lib/system/libdispatch.dylib
0x0000000007abd000 	/usr/lib/system/libdyld.dylib
0x0000000007abd000 	/usr/lib/system/libkeymgr.dylib
0x0000000007abd000 	/usr/lib/system/liblaunch.dylib
0x0000000007abd000 	/usr/lib/system/libmacho.dylib
0x0000000007abd000 	/usr/lib/system/libquarantine.dylib
0x0000000007abd000 	/usr/lib/system/libremovefile.dylib
0x0000000007abd000 	/usr/lib/system/libsystem_asl.dylib
0x0000000007abd000 	/usr/lib/system/libsystem_blocks.dylib
0x0000000007abd000 	/usr/lib/system/libsystem_c.dylib
0x0000000007abd000 	/usr/lib/system/libsystem_configuration.dylib
0x0000000007abd000 	/usr/lib/system/libsystem_coreservices.dylib
0x0000000007abd000 	/usr/lib/system/libsystem_coretls.dylib
0x0000000007abd000 	/usr/lib/system/libsystem_dnssd.dylib
0x0000000007abd000 	/usr/lib/system/libsystem_info.dylib
0x0000000007abd000 	/usr/lib/system/libsystem_kernel.dylib
0x0000000007abd000 	/usr/lib/system/libsystem_m.dylib
0x0000000007abd000 	/usr/lib/system/libsystem_malloc.dylib
0x0000000007abd000 	/usr/lib/system/libsystem_network.dylib
0x0000000007abd000 	/usr/lib/system/libsystem_networkextension.dylib
0x0000000007abd000 	/usr/lib/system/libsystem_notify.dylib
0x0000000007abd000 	/usr/lib/system/libsystem_platform.dylib
0x0000000007abd000 	/usr/lib/system/libsystem_pthread.dylib
0x0000000007abd000 	/usr/lib/system/libsystem_sandbox.dylib
0x0000000007abd000 	/usr/lib/system/libsystem_secinit.dylib
0x0000000007abd000 	/usr/lib/system/libsystem_stats.dylib
0x0000000007abd000 	/usr/lib/system/libsystem_trace.dylib
0x0000000007abd000 	/usr/lib/system/libunc.dylib
0x0000000007abd000 	/usr/lib/system/libunwind.dylib
0x0000000007abd000 	/usr/lib/system/libxpc.dylib
0x0000000007abd000 	/usr/lib/libbz2.1.0.dylib
0x0000000007abd000 	/usr/lib/liblzma.5.dylib
0x0000000007abd000 	/usr/lib/libbsm.0.dylib
0x0000000007abd000 	/usr/lib/libsqlite3.dylib
0x0000000007abd000 	/usr/lib/system/libkxld.dylib
0x0000000007abd000 	/usr/lib/libxar.1.dylib
0x0000000007abd000 	/usr/lib/libpam.2.dylib
0x0000000007abd000 	/usr/lib/libOpenScriptingUtil.dylib
0x0000000007abd000 	/System/Library/Frameworks/CoreServices.framework/Versions/A/Frameworks/FSEvents.framework/Versions/A/FSEvents
0x0000000007abd000 	/System/Library/Frameworks/CoreServices.framework/Versions/A/Frameworks/CarbonCore.framework/Versions/A/CarbonCore
0x0000000007abd000 	/System/Library/Frameworks/CoreServices.framework/Versions/A/Frameworks/Metadata.framework/Versions/A/Metadata
0x0000000007abd000 	/System/Library/Frameworks/CoreServices.framework/Versions/A/Frameworks/OSServices.framework/Versions/A/OSServices
0x0000000007abd000 	/System/Library/Frameworks/CoreServices.framework/Versions/A/Frameworks/SearchKit.framework/Versions/A/SearchKit
0x0000000007abd000 	/System/Library/Frameworks/CoreServices.framework/Versions/A/Frameworks/AE.framework/Versions/A/AE
0x0000000007abd000 	/System/Library/Frameworks/CoreServices.framework/Versions/A/Frameworks/LaunchServices.framework/Versions/A/LaunchServices
0x0000000007abd000 	/System/Library/Frameworks/CoreServices.framework/Versions/A/Frameworks/DictionaryServices.framework/Versions/A/DictionaryServices
0x0000000007abd000 	/System/Library/Frameworks/NetFS.framework/Versions/A/NetFS
0x0000000007abd000 	/System/Library/PrivateFrameworks/NetAuth.framework/Versions/A/NetAuth
0x0000000007abd000 	/System/Library/PrivateFrameworks/login.framework/Versions/A/Frameworks/loginsupport.framework/Versions/A/loginsupport
0x0000000007abd000 	/System/Library/PrivateFrameworks/TCC.framework/Versions/A/TCC
0x0000000007abd000 	/usr/lib/libmecabra.dylib
0x0000000007abd000 	/System/Library/Frameworks/ApplicationServices.framework/Versions/A/Frameworks/ATS.framework/Versions/A/ATS
0x0000000007abd000 	/System/Library/Frameworks/ApplicationServices.framework/Versions/A/Frameworks/ColorSync.framework/Versions/A/ColorSync
0x0000000007abd000 	/System/Library/Frameworks/ApplicationServices.framework/Versions/A/Frameworks/HIServices.framework/Versions/A/HIServices
0x0000000007abd000 	/System/Library/Frameworks/ApplicationServices.framework/Versions/A/Frameworks/LangAnalysis.framework/Versions/A/LangAnalysis
0x0000000007abd000 	/System/Library/Frameworks/ApplicationServices.framework/Versions/A/Frameworks/PrintCore.framework/Versions/A/PrintCore
0x0000000007abd000 	/System/Library/Frameworks/ApplicationServices.framework/Versions/A/Frameworks/QD.framework/Versions/A/QD
0x0000000007abd000 	/System/Library/Frameworks/ApplicationServices.framework/Versions/A/Frameworks/SpeechSynthesis.framework/Versions/A/SpeechSynthesis
0x0000000007abd000 	/System/Library/Frameworks/Accelerate.framework/Versions/A/Accelerate
0x0000000007abd000 	/System/Library/Frameworks/Accelerate.framework/Versions/A/Frameworks/vImage.framework/Versions/A/vImage
0x0000000007abd000 	/System/Library/Frameworks/Accelerate.framework/Versions/A/Frameworks/vecLib.framework/Versions/A/vecLib
0x0000000007abd000 	/System/Library/Frameworks/Accelerate.framework/Versions/A/Frameworks/vecLib.framework/Versions/A/libvDSP.dylib
0x0000000007abd000 	/System/Library/Frameworks/Accelerate.framework/Versions/A/Frameworks/vecLib.framework/Versions/A/libvMisc.dylib
0x0000000007abd000 	/System/Library/Frameworks/Accelerate.framework/Versions/A/Frameworks/vecLib.framework/Versions/A/libLAPACK.dylib
0x0000000007abd000 	/System/Library/Frameworks/Accelerate.framework/Versions/A/Frameworks/vecLib.framework/Versions/A/libBLAS.dylib
0x0000000007abd000 	/System/Library/Frameworks/Accelerate.framework/Versions/A/Frameworks/vecLib.framework/Versions/A/libLinearAlgebra.dylib
0x0000000007abd000 	/System/Library/Frameworks/ApplicationServices.framework/Versions/A/Frameworks/ATS.framework/Versions/A/Resources/libFontParser.dylib
0x0000000007abd000 	/System/Library/Frameworks/ApplicationServices.framework/Versions/A/Frameworks/ATS.framework/Versions/A/Resources/libFontRegistry.dylib
0x0000000007abd000 	/System/Library/PrivateFrameworks/AppleVPA.framework/Versions/A/AppleVPA
0x0000000007abd000 	/System/Library/PrivateFrameworks/AppleJPEG.framework/Versions/A/AppleJPEG
0x0000000007abd000 	/System/Library/Frameworks/ImageIO.framework/Versions/A/Resources/libJPEG.dylib
0x0000000007abd000 	/System/Library/Frameworks/ImageIO.framework/Versions/A/Resources/libTIFF.dylib
0x0000000007abd000 	/System/Library/Frameworks/ImageIO.framework/Versions/A/Resources/libPng.dylib
0x0000000007abd000 	/System/Library/Frameworks/ImageIO.framework/Versions/A/Resources/libGIF.dylib
0x0000000007abd000 	/System/Library/Frameworks/ImageIO.framework/Versions/A/Resources/libJP2.dylib
0x0000000007abd000 	/System/Library/Frameworks/ImageIO.framework/Versions/A/Resources/libRadiance.dylib
0x0000000007abd000 	/System/Library/Frameworks/CoreVideo.framework/Versions/A/CoreVideo
0x0000000007abd000 	/System/Library/Frameworks/OpenGL.framework/Versions/A/Libraries/libGLU.dylib
0x0000000007abd000 	/System/Library/Frameworks/OpenGL.framework/Versions/A/Libraries/libGFXShared.dylib
0x0000000007abd000 	/System/Library/Frameworks/OpenGL.framework/Versions/A/Libraries/libGL.dylib
0x0000000007abd000 	/System/Library/Frameworks/OpenGL.framework/Versions/A/Libraries/libGLImage.dylib
0x0000000007abd000 	/System/Library/Frameworks/OpenGL.framework/Versions/A/Libraries/libCVMSPluginSupport.dylib
0x0000000007abd000 	/System/Library/Frameworks/OpenGL.framework/Versions/A/Libraries/libCoreVMClient.dylib
0x0000000007abd000 	/usr/lib/libcups.2.dylib
0x0000000007abd000 	/System/Library/Frameworks/Kerberos.framework/Versions/A/Kerberos
0x0000000007abd000 	/System/Library/Frameworks/GSS.framework/Versions/A/GSS
0x0000000007abd000 	/usr/lib/libresolv.9.dylib
0x0000000007abd000 	/usr/lib/libiconv.2.dylib
0x0000000007abd000 	/System/Library/PrivateFrameworks/Heimdal.framework/Versions/A/Heimdal
0x0000000007abd000 	/usr/lib/libheimdal-asn1.dylib
0x0000000007abd000 	/System/Library/Frameworks/OpenDirectory.framework/Versions/A/OpenDirectory
0x0000000007abd000 	/System/Library/PrivateFrameworks/CommonAuth.framework/Versions/A/CommonAuth
0x0000000007abd000 	/System/Library/Frameworks/OpenDirectory.framework/Versions/A/Frameworks/CFOpenDirectory.framework/Versions/A/CFOpenDirectory
0x0000000007abd000 	/System/Library/Frameworks/SecurityFoundation.framework/Versions/A/SecurityFoundation
0x0000000007abd000 	/System/Library/PrivateFrameworks/LanguageModeling.framework/Versions/A/LanguageModeling
0x0000000007abd000 	/usr/lib/libcmph.dylib
0x0000000007abd000 	/System/Library/Frameworks/ServiceManagement.framework/Versions/A/ServiceManagement
0x0000000007abd000 	/usr/lib/libxslt.1.dylib
0x0000000007abd000 	/System/Library/Frameworks/Carbon.framework/Versions/A/Frameworks/Ink.framework/Versions/A/Ink
0x0000000007abd000 	/System/Library/Frameworks/QuartzCore.framework/Versions/A/Frameworks/CoreImage.framework/Versions/A/CoreImage
0x0000000007abd000 	/System/Library/PrivateFrameworks/CrashReporterSupport.framework/Versions/A/CrashReporterSupport
0x0000000007abd000 	/System/Library/Frameworks/OpenCL.framework/Versions/A/OpenCL
0x0000000007abd000 	/System/Library/PrivateFrameworks/FaceCore.framework/Versions/A/FaceCore
0x0000000007abd000 	/System/Library/PrivateFrameworks/Ubiquity.framework/Versions/A/Ubiquity
0x0000000007abd000 	/System/Library/PrivateFrameworks/IconServices.framework/Versions/A/IconServices
0x0000000007abd000 	/System/Library/PrivateFrameworks/ChunkingLibrary.framework/Versions/A/ChunkingLibrary
0x0000000007abd000 	/System/Library/PrivateFrameworks/Apple80211.framework/Versions/A/Apple80211
0x0000000007abd000 	/System/Library/Frameworks/CoreWLAN.framework/Versions/A/CoreWLAN
0x0000000007abd000 	/System/Library/Frameworks/IOBluetooth.framework/Versions/A/IOBluetooth
0x0000000007abd000 	/System/Library/PrivateFrameworks/CoreWiFi.framework/Versions/A/CoreWiFi
0x0000000007abd000 	/System/Library/Frameworks/CoreBluetooth.framework/Versions/A/CoreBluetooth
0x0000000007abd000 	/System/Library/PrivateFrameworks/DebugSymbols.framework/Versions/A/DebugSymbols
0x0000000007abd000 	/System/Library/PrivateFrameworks/CoreSymbolication.framework/Versions/A/CoreSymbolication
0x0000000007abd000 	/System/Library/PrivateFrameworks/Symbolication.framework/Versions/A/Symbolication
0x0000000007abd000 	/System/Library/PrivateFrameworks/SpeechRecognitionCore.framework/Versions/A/SpeechRecognitionCore
0x0000000101200000 	/Library/Java/JavaVirtualMachines/jdk1.8.0_40.jdk/Contents/Home/jre/lib/server/libjvm.dylib
0x0000000007abd000 	/usr/lib/libstdc++.6.dylib
0x000000010093a000 	/Library/Java/JavaVirtualMachines/jdk1.8.0_40.jdk/Contents/Home/jre/lib/libverify.dylib
0x0000000100948000 	/Library/Java/JavaVirtualMachines/jdk1.8.0_40.jdk/Contents/Home/jre/lib/libjava.dylib
0x000000010097e000 	/Library/Java/JavaVirtualMachines/jdk1.8.0_40.jdk/Contents/Home/jre/lib/libjdwp.dylib
0x00000001009c9000 	/Library/Java/JavaVirtualMachines/jdk1.8.0_40.jdk/Contents/Home/jre/lib/libnpt.dylib
0x00000001009d6000 	/Library/Java/JavaVirtualMachines/jdk1.8.0_40.jdk/Contents/Home/jre/lib/libzip.dylib
0x00000001181c0000 	/System/Library/Frameworks/JavaVM.framework/Frameworks/JavaRuntimeSupport.framework/JavaRuntimeSupport
0x00000001181d8000 	/System/Library/Frameworks/JavaVM.framework/Versions/A/Frameworks/JavaNativeFoundation.framework/Versions/A/JavaNativeFoundation
0x00000001181ed000 	/System/Library/Frameworks/JavaVM.framework/Versions/A/JavaVM
0x0000000007abd000 	/System/Library/Frameworks/Carbon.framework/Versions/A/Carbon
0x00000001181fa000 	/System/Library/PrivateFrameworks/JavaLaunching.framework/Versions/A/JavaLaunching
0x0000000007abd000 	/System/Library/Frameworks/Carbon.framework/Versions/A/Frameworks/CommonPanels.framework/Versions/A/CommonPanels
0x0000000007abd000 	/System/Library/Frameworks/Carbon.framework/Versions/A/Frameworks/Help.framework/Versions/A/Help
0x0000000007abd000 	/System/Library/Frameworks/Carbon.framework/Versions/A/Frameworks/ImageCapture.framework/Versions/A/ImageCapture
0x0000000007abd000 	/System/Library/Frameworks/Carbon.framework/Versions/A/Frameworks/OpenScripting.framework/Versions/A/OpenScripting
0x0000000007abd000 	/System/Library/Frameworks/Carbon.framework/Versions/A/Frameworks/Print.framework/Versions/A/Print
0x0000000007abd000 	/System/Library/Frameworks/Carbon.framework/Versions/A/Frameworks/SecurityHI.framework/Versions/A/SecurityHI
0x0000000119be5000 	/Library/Java/JavaVirtualMachines/jdk1.8.0_40.jdk/Contents/Home/jre/lib/libdt_socket.dylib
0x000000011a449000 	/Library/Java/JavaVirtualMachines/jdk1.8.0_40.jdk/Contents/Home/jre/lib/libnet.dylib
0x000000011a5ed000 	/Library/Java/JavaVirtualMachines/jdk1.8.0_40.jdk/Contents/Home/jre/lib/libnio.dylib

VM Arguments:
jvm_args: -agentlib:jdwp=transport=dt_socket,suspend=y,address=localhost:50808 -Dfile.encoding=UTF-8 
java_command: org.eclipse.jdt.internal.junit.runner.RemoteTestRunner -version 3 -port 50807 -testLoaderClass org.eclipse.jdt.internal.junit4.runner.JUnit4TestLoader -loaderpluginname org.eclipse.jdt.junit4.runtime -classNames ch.epfl.xblast.etape6.RandomTestGame
java_class_path (initial): /Users/guerra/Documents/Eclipse/XBlast 2016/bin:/Applications/eclipse/plugins/org.junit_4.11.0.v201303080030/junit.jar:/Applications/eclipse/plugins/org.hamcrest.core_1.3.0.v201303031735.jar:/Users/guerra/Documents/Eclipse/XBlast 2016/lib/sq.jar:/Applications/eclipse/configuration/org.eclipse.osgi/203/0/.cp/:/Applications/eclipse/configuration/org.eclipse.osgi/202/0/.cp/
Launcher Type: SUN_STANDARD

Environment Variables:
PATH=/usr/bin:/bin:/usr/sbin:/sbin
SHELL=/bin/bash

Signal Handlers:
SIGSEGV: [libjvm.dylib+0x58ef95], sa_mask[0]=11111111011111110111111111111111, sa_flags=SA_ONSTACK|SA_RESTART|SA_SIGINFO
SIGBUS: [libjvm.dylib+0x58ef95], sa_mask[0]=11111111011111110111111111111111, sa_flags=SA_RESTART|SA_SIGINFO
SIGFPE: [libjvm.dylib+0x46c118], sa_mask[0]=11111111011111110111111111111111, sa_flags=SA_RESTART|SA_SIGINFO
SIGPIPE: [libjvm.dylib+0x46c118], sa_mask[0]=11111111011111110111111111111111, sa_flags=SA_RESTART|SA_SIGINFO
SIGXFSZ: [libjvm.dylib+0x46c118], sa_mask[0]=11111111011111110111111111111111, sa_flags=SA_RESTART|SA_SIGINFO
SIGILL: [libjvm.dylib+0x46c118], sa_mask[0]=11111111011111110111111111111111, sa_flags=SA_RESTART|SA_SIGINFO
SIGUSR1: SIG_DFL, sa_mask[0]=00000000000000000000000000000000, sa_flags=none
SIGUSR2: [libjvm.dylib+0x46bc36], sa_mask[0]=00100000000000000000000000000000, sa_flags=SA_RESTART|SA_SIGINFO
SIGHUP: [libjvm.dylib+0x46a209], sa_mask[0]=11111111011111110111111111111111, sa_flags=SA_RESTART|SA_SIGINFO
SIGINT: [libjvm.dylib+0x46a209], sa_mask[0]=11111111011111110111111111111111, sa_flags=SA_RESTART|SA_SIGINFO
SIGTERM: [libjvm.dylib+0x46a209], sa_mask[0]=11111111011111110111111111111111, sa_flags=SA_RESTART|SA_SIGINFO
SIGQUIT: [libjvm.dylib+0x46a209], sa_mask[0]=11111111011111110111111111111111, sa_flags=SA_RESTART|SA_SIGINFO


---------------  S Y S T E M  ---------------

OS:Bsduname:Darwin 14.5.0 Darwin Kernel Version 14.5.0: Wed Jul 29 02:26:53 PDT 2015; root:xnu-2782.40.9~1/RELEASE_X86_64 x86_64
rlimit: STACK 8192k, CORE 0k, NPROC 709, NOFILE 10240, AS infinity
load average:1.53 1.61 1.64

CPU:total 4 (2 cores per cpu, 2 threads per core) family 6 model 69 stepping 1, cmov, cx8, fxsr, mmx, sse, sse2, sse3, ssse3, sse4.1, sse4.2, popcnt, avx, avx2, aes, clmul, erms, lzcnt, ht, tsc, tscinvbit, bmi1, bmi2

Memory: 4k page, physical 8388608k(276376k free)

/proc/meminfo:


vm_info: Java HotSpot(TM) 64-Bit Server VM (25.40-b25) for bsd-amd64 JRE (1.8.0_40-b27), built on Mar 13 2015 04:46:52 by "java_re" with gcc 4.2.1 (Based on Apple Inc. build 5658) (LLVM build 2336.11.00)

time: Thu Apr 14 20:39:11 2016
elapsed time: 600 seconds (0d 0h 10m 0s)

