#
# A fatal error has been detected by the Java Runtime Environment:
#
#  SIGSEGV (0xb) at pc=0x0000000106a32d20, pid=1185, tid=16899
#
# JRE version: Java(TM) SE Runtime Environment (8.0_40-b27) (build 1.8.0_40-b27)
# Java VM: Java HotSpot(TM) 64-Bit Server VM (25.40-b25 mixed mode bsd-amd64 compressed oops)
# Problematic frame:
# V  [libjvm.dylib+0x432d20]
#
# Failed to write core dump. Core dumps have been disabled. To enable core dumping, try "ulimit -c unlimited" before starting Java again
#
# If you would like to submit a bug report, please visit:
#   http://bugreport.java.com/bugreport/crash.jsp
#

---------------  T H R E A D  ---------------

Current thread (0x00007f96fa805800):  JavaThread "JDWP Transport Listener: dt_socket" daemon [_thread_in_vm, id=16899, stack(0x000000011eff1000,0x000000011f0f1000)]

siginfo: si_signo: 11 (SIGSEGV), si_code: 1 (SEGV_MAPERR), si_addr: 0x00007f9600000008

Registers:
RAX=0x0000000000000001, RBX=0x000000011f0f0a8b, RCX=0x0000000106dfa190, RDX=0x000000011f0f0a8b
RSP=0x000000011f0f09d0, RBP=0x000000011f0f09e0, RSI=0x00007f96fa805800, RDI=0x00007f9600000008
R8 =0x0000000000000000, R9 =0x00007f96f9700000, R10=0x0000000000000010, R11=0x00007f96f9700000
R12=0x00007f96fa805800, R13=0x00007f9600000008, R14=0x00007f9600000008, R15=0x00007f96f9602a80
RIP=0x0000000106a32d20, EFLAGS=0x0000000000010202, ERR=0x0000000000000004
  TRAPNO=0x000000000000000e

Top of Stack: (sp=0x000000011f0f09d0)
0x000000011f0f09d0:   000000011f0f0a8b 000000011f0f0a8b
0x000000011f0f09e0:   000000011f0f0a40 000000010694311a
0x000000011f0f09f0:   00007f96fa805800 0000000000000000
0x000000011f0f0a00:   0000000000000000 0000000000000000
0x000000011f0f0a10:   00007f96fa805800 00007f96fa805800
0x000000011f0f0a20:   000000011f0f0a8b 000000011f0f0a90
0x000000011f0f0a30:   00007f9600000008 000000000000001a
0x000000011f0f0a40:   000000011f0f0a60 0000000105da2780
0x000000011f0f0a50:   0000000000000001 000000011f0f0b08
0x000000011f0f0a60:   000000011f0f0ad0 0000000105d871f3
0x000000011f0f0a70:   000000011f0f0aa0 00007f96f974c210
0x000000011f0f0a80:   0000001b00000032 f000100a010f0b08
0x000000011f0f0a90:   0000000000000000 0000000000000000
0x000000011f0f0aa0:   0000000000000000 000000011f0f0c90
0x000000011f0f0ab0:   0000000105da9e7a 00007f96f9410e20
0x000000011f0f0ac0:   000000011f0f0b08 0000000105db5598
0x000000011f0f0ad0:   000000011f0f0ae0 0000000105d872ec
0x000000011f0f0ae0:   000000011f0f0d00 0000000105d90898
0x000000011f0f0af0:   0002519800000013 00000000000f0200
0x000000011f0f0b00:   00007f96f94270e0 00007f96fb0333ab
0x000000011f0f0b10:   00007f96000001b5 00007f96f9715f50
0x000000011f0f0b20:   00007f960000012c 000000011f0f0b58
0x000000011f0f0b30:   00007f96f970b1b0 00007f0000000000
0x000000011f0f0b40:   000251980000001c 00007fff00002780
0x000000011f0f0b50:   000000011f0f0b58 967f00001b000000
0x000000011f0f0b60:   0b000000c01b56f9 79616c507478656e
0x000000011f0f0b70:   287b000000737265 74752f6176616a4c
0x000000011f0f0b80:   3b7473694c2f6c69 74752f6176616a4c
0x000000011f0f0b90:   4c3b70614d2f6c69 6974752f6176616a
0x000000011f0f0ba0:   634c3b7465532f6c 782f6c6670652f68
0x000000011f0f0bb0:   65732f7473616c62 616f422f72657672
0x000000011f0f0bc0:   6176616a4c3b6472 65532f6c6974752f 

Instructions: (pc=0x0000000106a32d20)
0x0000000106a32d00:   40 48 48 85 c0 75 e0 30 c0 0f b6 c0 5d c3 31 c0
0x0000000106a32d10:   5d c3 55 48 89 e5 53 48 83 ec 08 48 85 ff 74 24
0x0000000106a32d20:   48 8b 1f 48 85 db 74 1c 48 83 fb 37 74 16 48 8b
0x0000000106a32d30:   03 48 89 df ff 50 10 84 c0 b8 00 00 00 00 48 0f 

Register to memory mapping:

RAX=0x0000000000000001 is an unknown value
RBX=0x000000011f0f0a8b is pointing into the stack for thread: 0x00007f96fa805800
RCX=0x0000000106dfa190: UseMembar+0 in /Library/Java/JavaVirtualMachines/jdk1.8.0_40.jdk/Contents/Home/jre/lib/server/libjvm.dylib at 0x0000000106600000
RDX=0x000000011f0f0a8b is pointing into the stack for thread: 0x00007f96fa805800
RSP=0x000000011f0f09d0 is pointing into the stack for thread: 0x00007f96fa805800
RBP=0x000000011f0f09e0 is pointing into the stack for thread: 0x00007f96fa805800
RSI=0x00007f96fa805800 is a thread
RDI=0x00007f9600000008 is an unknown value
R8 =0x0000000000000000 is an unknown value
R9 =0x00007f96f9700000 is an unknown value
R10=0x0000000000000010 is an unknown value
R11=0x00007f96f9700000 is an unknown value
R12=0x00007f96fa805800 is a thread
R13=0x00007f9600000008 is an unknown value
R14=0x00007f9600000008 is an unknown value
R15=0x00007f96f9602a80 is an unknown value


Stack: [0x000000011eff1000,0x000000011f0f1000],  sp=0x000000011f0f09d0,  free space=1022k
Native frames: (J=compiled Java code, j=interpreted, Vv=VM code, C=native code)
V  [libjvm.dylib+0x432d20]
V  [libjvm.dylib+0x34311a]
C  [libjdwp.dylib+0x20780]  isMethodSynthetic+0x63
C  [libjdwp.dylib+0x51f3]  methods1+0x10b
C  [libjdwp.dylib+0x52ec]  methodsWithGeneric+0xe
C  [libjdwp.dylib+0xe898]  debugLoop_run+0x1ce
C  [libjdwp.dylib+0x1f6ba]  attachThread+0x4d
V  [libjvm.dylib+0x384060]
V  [libjvm.dylib+0x549acf]
V  [libjvm.dylib+0x54b1c0]
V  [libjvm.dylib+0x46ea8e]
C  [libsystem_pthread.dylib+0x405a]  _pthread_body+0x83
C  [libsystem_pthread.dylib+0x3fd7]  _pthread_body+0x0
C  [libsystem_pthread.dylib+0x13ed]  thread_start+0xd
C  0x0000000000000000


---------------  P R O C E S S  ---------------

Java Threads: ( => current thread )
  0x00007f96fa01e800 JavaThread "ReaderThread" [_thread_in_native, id=20995, stack(0x000000011f8ad000,0x000000011f9ad000)]
  0x00007f96fb052000 JavaThread "Service Thread" daemon [_thread_blocked, id=19971, stack(0x000000011f603000,0x000000011f703000)]
  0x00007f96fb032000 JavaThread "C1 CompilerThread2" daemon [_thread_blocked, id=19459, stack(0x000000011f500000,0x000000011f600000)]
  0x00007f96fb03f000 JavaThread "C2 CompilerThread1" daemon [_thread_blocked, id=18947, stack(0x000000011f3fd000,0x000000011f4fd000)]
  0x00007f96fa02e000 JavaThread "C2 CompilerThread0" daemon [_thread_blocked, id=18435, stack(0x000000011f2fa000,0x000000011f3fa000)]
  0x00007f96fa831800 JavaThread "JDWP Command Reader" daemon [_thread_in_native, id=17923, stack(0x000000011f1f7000,0x000000011f2f7000)]
  0x00007f96f980a800 JavaThread "JDWP Event Helper Thread" daemon [_thread_blocked, id=17411, stack(0x000000011f0f4000,0x000000011f1f4000)]
=>0x00007f96fa805800 JavaThread "JDWP Transport Listener: dt_socket" daemon [_thread_in_vm, id=16899, stack(0x000000011eff1000,0x000000011f0f1000)]
  0x00007f96fa021000 JavaThread "Signal Dispatcher" daemon [_thread_blocked, id=13847, stack(0x000000011eee7000,0x000000011efe7000)]
  0x00007f96fb01c000 JavaThread "Finalizer" daemon [_thread_blocked, id=12035, stack(0x000000011d4de000,0x000000011d5de000)]
  0x00007f96fb01b000 JavaThread "Reference Handler" daemon [_thread_blocked, id=11523, stack(0x000000011d3db000,0x000000011d4db000)]
  0x00007f96fb002000 JavaThread "main" [_thread_blocked, id=5379, stack(0x0000000105c3c000,0x0000000105d3c000)]

Other Threads:
  0x00007f96fb018800 VMThread [stack: 0x000000011d2d8000,0x000000011d3d8000] [id=11011]
  0x00007f96fb052800 WatcherThread [stack: 0x000000011f706000,0x000000011f806000] [id=20483]

VM state:not at safepoint (normal execution)

VM Mutex/Monitor currently owned by a thread: None

Heap:
 PSYoungGen      total 38400K, used 11013K [0x0000000795580000, 0x0000000798000000, 0x00000007c0000000)
  eden space 33280K, 28% used [0x0000000795580000,0x0000000795ebd620,0x0000000797600000)
  from space 5120K, 30% used [0x0000000797600000,0x0000000797784010,0x0000000797b00000)
  to   space 5120K, 0% used [0x0000000797b00000,0x0000000797b00000,0x0000000798000000)
 ParOldGen       total 87552K, used 16K [0x0000000740000000, 0x0000000745580000, 0x0000000795580000)
  object space 87552K, 0% used [0x0000000740000000,0x0000000740004000,0x0000000745580000)
 Metaspace       used 7343K, capacity 7510K, committed 7680K, reserved 1056768K
  class space    used 839K, capacity 929K, committed 1024K, reserved 1048576K

Card table byte_map: [0x0000000116929000,0x0000000116d2a000] byte_map_base: 0x0000000112f29000

Marking Bits: (ParMarkBitMap*) 0x0000000106ec27a0
 Begin Bits: [0x00000001173e1000, 0x00000001193e1000)
 End Bits:   [0x00000001193e1000, 0x000000011b3e1000)

Polling page: 0x0000000105d81000

CodeCache: size=245760Kb used=2186Kb max_used=2195Kb free=243573Kb
 bounds [0x0000000107569000, 0x00000001077d9000, 0x0000000116569000]
 total_blobs=777 nmethods=460 adapters=239
 compilation: enabled

Compilation events (10 events):
Event: 0.439 Thread 0x00007f96fb032000 nmethod 448 0x0000000107788790 code [0x0000000107788900, 0x0000000107788ad0]
Event: 0.439 Thread 0x00007f96fb032000  456       3       java.lang.invoke.LambdaForm$NamedFunction::methodType (23 bytes)
Event: 0.439 Thread 0x00007f96fb032000 nmethod 456 0x0000000107788b90 code [0x0000000107788d00, 0x0000000107789008]
Event: 0.439 Thread 0x00007f96fb032000  457       3       java.util.AbstractList$Itr::hasNext (20 bytes)
Event: 0.439 Thread 0x00007f96fb032000 nmethod 457 0x0000000107789110 code [0x0000000107789280, 0x0000000107789508]
Event: 0.439 Thread 0x00007f96fb032000  458       3       java.util.Collections$UnmodifiableCollection$1::hasNext (10 bytes)
Event: 0.439 Thread 0x00007f96fb032000 nmethod 458 0x00000001077895d0 code [0x0000000107789740, 0x0000000107789968]
Event: 0.439 Thread 0x00007f96fb032000  449  s    3       java.lang.StringBuffer::toString (36 bytes)
Event: 0.439 Thread 0x00007f96fb032000 nmethod 449 0x0000000107789a10 code [0x0000000107789ba0, 0x000000010778a048]
Event: 0.441 Thread 0x00007f96fa02e000 nmethod 430 0x000000010778d510 code [0x000000010778d6a0, 0x000000010778dda8]

GC Heap History (6 events):
Event: 23.002 GC heap before
{Heap before GC invocations=1 (full 0):
 PSYoungGen      total 38400K, used 33280K [0x0000000795580000, 0x0000000798000000, 0x00000007c0000000)
  eden space 33280K, 100% used [0x0000000795580000,0x0000000797600000,0x0000000797600000)
  from space 5120K, 0% used [0x0000000797b00000,0x0000000797b00000,0x0000000798000000)
  to   space 5120K, 0% used [0x0000000797600000,0x0000000797600000,0x0000000797b00000)
 ParOldGen       total 87552K, used 0K [0x0000000740000000, 0x0000000745580000, 0x0000000795580000)
  object space 87552K, 0% used [0x0000000740000000,0x0000000740000000,0x0000000745580000)
 Metaspace       used 7296K, capacity 7444K, committed 7680K, reserved 1056768K
  class space    used 837K, capacity 928K, committed 1024K, reserved 1048576K
Event: 23.005 GC heap after
Heap after GC invocations=1 (full 0):
 PSYoungGen      total 38400K, used 1872K [0x0000000795580000, 0x0000000798000000, 0x00000007c0000000)
  eden space 33280K, 0% used [0x0000000795580000,0x0000000795580000,0x0000000797600000)
  from space 5120K, 36% used [0x0000000797600000,0x00000007977d4010,0x0000000797b00000)
  to   space 5120K, 0% used [0x0000000797b00000,0x0000000797b00000,0x0000000798000000)
 ParOldGen       total 87552K, used 8K [0x0000000740000000, 0x0000000745580000, 0x0000000795580000)
  object space 87552K, 0% used [0x0000000740000000,0x0000000740002000,0x0000000745580000)
 Metaspace       used 7296K, capacity 7444K, committed 7680K, reserved 1056768K
  class space    used 837K, capacity 928K, committed 1024K, reserved 1048576K
}
Event: 41.216 GC heap before
{Heap before GC invocations=2 (full 0):
 PSYoungGen      total 38400K, used 35152K [0x0000000795580000, 0x0000000798000000, 0x00000007c0000000)
  eden space 33280K, 100% used [0x0000000795580000,0x0000000797600000,0x0000000797600000)
  from space 5120K, 36% used [0x0000000797600000,0x00000007977d4010,0x0000000797b00000)
  to   space 5120K, 0% used [0x0000000797b00000,0x0000000797b00000,0x0000000798000000)
 ParOldGen       total 87552K, used 8K [0x0000000740000000, 0x0000000745580000, 0x0000000795580000)
  object space 87552K, 0% used [0x0000000740000000,0x0000000740002000,0x0000000745580000)
 Metaspace       used 7304K, capacity 7446K, committed 7680K, reserved 1056768K
  class space    used 838K, capacity 929K, committed 1024K, reserved 1048576K
Event: 41.218 GC heap after
Heap after GC invocations=2 (full 0):
 PSYoungGen      total 38400K, used 1584K [0x0000000795580000, 0x0000000798000000, 0x00000007c0000000)
  eden space 33280K, 0% used [0x0000000795580000,0x0000000795580000,0x0000000797600000)
  from space 5120K, 30% used [0x0000000797b00000,0x0000000797c8c010,0x0000000798000000)
  to   space 5120K, 0% used [0x0000000797600000,0x0000000797600000,0x0000000797b00000)
 ParOldGen       total 87552K, used 8K [0x0000000740000000, 0x0000000745580000, 0x0000000795580000)
  object space 87552K, 0% used [0x0000000740000000,0x0000000740002000,0x0000000745580000)
 Metaspace       used 7304K, capacity 7446K, committed 7680K, reserved 1056768K
  class space    used 838K, capacity 929K, committed 1024K, reserved 1048576K
}
Event: 59.168 GC heap before
{Heap before GC invocations=3 (full 0):
 PSYoungGen      total 38400K, used 34864K [0x0000000795580000, 0x0000000798000000, 0x00000007c0000000)
  eden space 33280K, 100% used [0x0000000795580000,0x0000000797600000,0x0000000797600000)
  from space 5120K, 30% used [0x0000000797b00000,0x0000000797c8c010,0x0000000798000000)
  to   space 5120K, 0% used [0x0000000797600000,0x0000000797600000,0x0000000797b00000)
 ParOldGen       total 87552K, used 8K [0x0000000740000000, 0x0000000745580000, 0x0000000795580000)
  object space 87552K, 0% used [0x0000000740000000,0x0000000740002000,0x0000000745580000)
 Metaspace       used 7304K, capacity 7446K, committed 7680K, reserved 1056768K
  class space    used 838K, capacity 929K, committed 1024K, reserved 1048576K
Event: 59.170 GC heap after
Heap after GC invocations=3 (full 0):
 PSYoungGen      total 38400K, used 1552K [0x0000000795580000, 0x0000000798000000, 0x00000007c0000000)
  eden space 33280K, 0% used [0x0000000795580000,0x0000000795580000,0x0000000797600000)
  from space 5120K, 30% used [0x0000000797600000,0x0000000797784010,0x0000000797b00000)
  to   space 5120K, 0% used [0x0000000797b00000,0x0000000797b00000,0x0000000798000000)
 ParOldGen       total 87552K, used 16K [0x0000000740000000, 0x0000000745580000, 0x0000000795580000)
  object space 87552K, 0% used [0x0000000740000000,0x0000000740004000,0x0000000745580000)
 Metaspace       used 7304K, capacity 7446K, committed 7680K, reserved 1056768K
  class space    used 838K, capacity 929K, committed 1024K, reserved 1048576K
}

Deoptimization events (0 events):
No events

Internal exceptions (10 events):
Event: 0.146 Thread 0x00007f96fb002000 Exception <a 'java/util/zip/ZipException'> (0x000000079585b6f0) thrown at [/Users/java_re/workspace/8-2-build-macosx-x86_64/jdk8u40/3153/hotspot/src/share/vm/prims/jni.cpp, line 709]
Event: 0.146 Thread 0x00007f96fb002000 Exception <a 'java/security/PrivilegedActionException'> (0x000000079585b8a0) thrown at [/Users/java_re/workspace/8-2-build-macosx-x86_64/jdk8u40/3153/hotspot/src/share/vm/prims/jvm.cpp, line 1382]
Event: 0.147 Thread 0x00007f96fb002000 Exception <a 'java/security/PrivilegedActionException'> (0x000000079585ba58) thrown at [/Users/java_re/workspace/8-2-build-macosx-x86_64/jdk8u40/3153/hotspot/src/share/vm/prims/jvm.cpp, line 1382]
Event: 0.326 Thread 0x00007f96fb002000 Exception <a 'java/security/PrivilegedActionException'> (0x0000000795c75e80) thrown at [/Users/java_re/workspace/8-2-build-macosx-x86_64/jdk8u40/3153/hotspot/src/share/vm/prims/jvm.cpp, line 1382]
Event: 0.326 Thread 0x00007f96fb002000 Exception <a 'java/security/PrivilegedActionException'> (0x0000000795c761c8) thrown at [/Users/java_re/workspace/8-2-build-macosx-x86_64/jdk8u40/3153/hotspot/src/share/vm/prims/jvm.cpp, line 1382]
Event: 0.326 Thread 0x00007f96fb002000 Exception <a 'java/security/PrivilegedActionException'> (0x0000000795c796d8) thrown at [/Users/java_re/workspace/8-2-build-macosx-x86_64/jdk8u40/3153/hotspot/src/share/vm/prims/jvm.cpp, line 1382]
Event: 0.326 Thread 0x00007f96fb002000 Exception <a 'java/security/PrivilegedActionException'> (0x0000000795c79a20) thrown at [/Users/java_re/workspace/8-2-build-macosx-x86_64/jdk8u40/3153/hotspot/src/share/vm/prims/jvm.cpp, line 1382]
Event: 0.413 Thread 0x00007f96fb002000 Exception <a 'java/lang/NoSuchFieldError': method resolution failed> (0x0000000795deab50) thrown at [/Users/java_re/workspace/8-2-build-macosx-x86_64/jdk8u40/3153/hotspot/src/share/vm/prims/methodHandles.cpp, line 1125]
Event: 0.419 Thread 0x00007f96fb002000 Exception <a 'java/lang/NoSuchFieldError': method resolution failed> (0x0000000795df94c8) thrown at [/Users/java_re/workspace/8-2-build-macosx-x86_64/jdk8u40/3153/hotspot/src/share/vm/prims/methodHandles.cpp, line 1125]
Event: 10.085 Thread 0x00007f96fb002000 Exception <a 'java/lang/NoSuchMethodError': java.lang.Object.lambda$negate$11(Ljava/lang/Object;)Z> (0x0000000795edf998) thrown at [/Users/java_re/workspace/8-2-build-macosx-x86_64/jdk8u40/3153/hotspot/src/share/vm/interpreter/linkResolver.cpp, line 582]

Events (10 events):
Event: 150.412 Executing VM operation: GetOrSetLocal
Event: 150.412 Executing VM operation: GetOrSetLocal done
Event: 175.794 Executing VM operation: GetCurrentLocation
Event: 175.794 Executing VM operation: GetCurrentLocation done
Event: 175.794 Executing VM operation: ChangeSingleStep
Event: 175.794 Executing VM operation: ChangeSingleStep done
Event: 175.794 Executing VM operation: ChangeSingleStep
Event: 175.794 Executing VM operation: ChangeSingleStep done
Event: 175.801 Executing VM operation: RedefineClasses
Event: 175.805 Executing VM operation: RedefineClasses done


Dynamic libraries:
0x0000000007abd000 	/System/Library/Frameworks/Cocoa.framework/Versions/A/Cocoa
0x0000000007abd000 	/System/Library/Frameworks/Security.framework/Versions/A/Security
0x0000000007abd000 	/System/Library/Frameworks/ApplicationServices.framework/Versions/A/ApplicationServices
0x0000000007abd000 	/usr/lib/libz.1.dylib
0x0000000007abd000 	/usr/lib/libSystem.B.dylib
0x0000000007abd000 	/usr/lib/libobjc.A.dylib
0x0000000007abd000 	/System/Library/Frameworks/CoreFoundation.framework/Versions/A/CoreFoundation
0x0000000007abd000 	/System/Library/Frameworks/Foundation.framework/Versions/C/Foundation
0x0000000007abd000 	/System/Library/Frameworks/AppKit.framework/Versions/C/AppKit
0x0000000007abd000 	/System/Library/Frameworks/CoreData.framework/Versions/A/CoreData
0x0000000007abd000 	/System/Library/PrivateFrameworks/RemoteViewServices.framework/Versions/A/RemoteViewServices
0x0000000007abd000 	/System/Library/PrivateFrameworks/UIFoundation.framework/Versions/A/UIFoundation
0x0000000007abd000 	/System/Library/Frameworks/IOSurface.framework/Versions/A/IOSurface
0x0000000007abd000 	/System/Library/Frameworks/AudioToolbox.framework/Versions/A/AudioToolbox
0x0000000007abd000 	/System/Library/Frameworks/AudioUnit.framework/Versions/A/AudioUnit
0x0000000007abd000 	/System/Library/PrivateFrameworks/DataDetectorsCore.framework/Versions/A/DataDetectorsCore
0x0000000007abd000 	/System/Library/PrivateFrameworks/DesktopServicesPriv.framework/Versions/A/DesktopServicesPriv
0x0000000007abd000 	/System/Library/Frameworks/Carbon.framework/Versions/A/Frameworks/HIToolbox.framework/Versions/A/HIToolbox
0x0000000007abd000 	/System/Library/Frameworks/QuartzCore.framework/Versions/A/QuartzCore
0x0000000007abd000 	/System/Library/Frameworks/Carbon.framework/Versions/A/Frameworks/SpeechRecognition.framework/Versions/A/SpeechRecognition
0x0000000007abd000 	/usr/lib/libauto.dylib
0x0000000007abd000 	/usr/lib/libicucore.A.dylib
0x0000000007abd000 	/usr/lib/libxml2.2.dylib
0x0000000007abd000 	/System/Library/PrivateFrameworks/CoreUI.framework/Versions/A/CoreUI
0x0000000007abd000 	/System/Library/Frameworks/CoreAudio.framework/Versions/A/CoreAudio
0x0000000007abd000 	/System/Library/Frameworks/DiskArbitration.framework/Versions/A/DiskArbitration
0x0000000007abd000 	/usr/lib/liblangid.dylib
0x0000000007abd000 	/System/Library/PrivateFrameworks/MultitouchSupport.framework/Versions/A/MultitouchSupport
0x0000000007abd000 	/System/Library/Frameworks/IOKit.framework/Versions/A/IOKit
0x0000000007abd000 	/usr/lib/libDiagnosticMessagesClient.dylib
0x0000000007abd000 	/System/Library/Frameworks/CoreServices.framework/Versions/A/CoreServices
0x0000000007abd000 	/System/Library/PrivateFrameworks/PerformanceAnalysis.framework/Versions/A/PerformanceAnalysis
0x0000000007abd000 	/System/Library/PrivateFrameworks/GenerationalStorage.framework/Versions/A/GenerationalStorage
0x0000000007abd000 	/System/Library/Frameworks/OpenGL.framework/Versions/A/OpenGL
0x0000000007abd000 	/System/Library/PrivateFrameworks/Sharing.framework/Versions/A/Sharing
0x0000000007abd000 	/System/Library/Frameworks/CoreGraphics.framework/Versions/A/CoreGraphics
0x0000000007abd000 	/System/Library/Frameworks/CoreText.framework/Versions/A/CoreText
0x0000000007abd000 	/System/Library/Frameworks/ImageIO.framework/Versions/A/ImageIO
0x0000000007abd000 	/usr/lib/libextension.dylib
0x0000000007abd000 	/System/Library/PrivateFrameworks/Backup.framework/Versions/A/Backup
0x0000000007abd000 	/usr/lib/libarchive.2.dylib
0x0000000007abd000 	/System/Library/Frameworks/CFNetwork.framework/Versions/A/CFNetwork
0x0000000007abd000 	/System/Library/Frameworks/SystemConfiguration.framework/Versions/A/SystemConfiguration
0x0000000007abd000 	/usr/lib/libCRFSuite.dylib
0x0000000007abd000 	/usr/lib/libc++.1.dylib
0x0000000007abd000 	/usr/lib/libc++abi.dylib
0x0000000007abd000 	/usr/lib/system/libcache.dylib
0x0000000007abd000 	/usr/lib/system/libcommonCrypto.dylib
0x0000000007abd000 	/usr/lib/system/libcompiler_rt.dylib
0x0000000007abd000 	/usr/lib/system/libcopyfile.dylib
0x0000000007abd000 	/usr/lib/system/libcorecrypto.dylib
0x0000000007abd000 	/usr/lib/system/libdispatch.dylib
0x0000000007abd000 	/usr/lib/system/libdyld.dylib
0x0000000007abd000 	/usr/lib/system/libkeymgr.dylib
0x0000000007abd000 	/usr/lib/system/liblaunch.dylib
0x0000000007abd000 	/usr/lib/system/libmacho.dylib
0x0000000007abd000 	/usr/lib/system/libquarantine.dylib
0x0000000007abd000 	/usr/lib/system/libremovefile.dylib
0x0000000007abd000 	/usr/lib/system/libsystem_asl.dylib
0x0000000007abd000 	/usr/lib/system/libsystem_blocks.dylib
0x0000000007abd000 	/usr/lib/system/libsystem_c.dylib
0x0000000007abd000 	/usr/lib/system/libsystem_configuration.dylib
0x0000000007abd000 	/usr/lib/system/libsystem_coreservices.dylib
0x0000000007abd000 	/usr/lib/system/libsystem_coretls.dylib
0x0000000007abd000 	/usr/lib/system/libsystem_dnssd.dylib
0x0000000007abd000 	/usr/lib/system/libsystem_info.dylib
0x0000000007abd000 	/usr/lib/system/libsystem_kernel.dylib
0x0000000007abd000 	/usr/lib/system/libsystem_m.dylib
0x0000000007abd000 	/usr/lib/system/libsystem_malloc.dylib
0x0000000007abd000 	/usr/lib/system/libsystem_network.dylib
0x0000000007abd000 	/usr/lib/system/libsystem_networkextension.dylib
0x0000000007abd000 	/usr/lib/system/libsystem_notify.dylib
0x0000000007abd000 	/usr/lib/system/libsystem_platform.dylib
0x0000000007abd000 	/usr/lib/system/libsystem_pthread.dylib
0x0000000007abd000 	/usr/lib/system/libsystem_sandbox.dylib
0x0000000007abd000 	/usr/lib/system/libsystem_secinit.dylib
0x0000000007abd000 	/usr/lib/system/libsystem_stats.dylib
0x0000000007abd000 	/usr/lib/system/libsystem_trace.dylib
0x0000000007abd000 	/usr/lib/system/libunc.dylib
0x0000000007abd000 	/usr/lib/system/libunwind.dylib
0x0000000007abd000 	/usr/lib/system/libxpc.dylib
0x0000000007abd000 	/usr/lib/libbz2.1.0.dylib
0x0000000007abd000 	/usr/lib/liblzma.5.dylib
0x0000000007abd000 	/usr/lib/libbsm.0.dylib
0x0000000007abd000 	/usr/lib/libsqlite3.dylib
0x0000000007abd000 	/usr/lib/system/libkxld.dylib
0x0000000007abd000 	/usr/lib/libxar.1.dylib
0x0000000007abd000 	/usr/lib/libpam.2.dylib
0x0000000007abd000 	/usr/lib/libOpenScriptingUtil.dylib
0x0000000007abd000 	/System/Library/Frameworks/CoreServices.framework/Versions/A/Frameworks/FSEvents.framework/Versions/A/FSEvents
0x0000000007abd000 	/System/Library/Frameworks/CoreServices.framework/Versions/A/Frameworks/CarbonCore.framework/Versions/A/CarbonCore
0x0000000007abd000 	/System/Library/Frameworks/CoreServices.framework/Versions/A/Frameworks/Metadata.framework/Versions/A/Metadata
0x0000000007abd000 	/System/Library/Frameworks/CoreServices.framework/Versions/A/Frameworks/OSServices.framework/Versions/A/OSServices
0x0000000007abd000 	/System/Library/Frameworks/CoreServices.framework/Versions/A/Frameworks/SearchKit.framework/Versions/A/SearchKit
0x0000000007abd000 	/System/Library/Frameworks/CoreServices.framework/Versions/A/Frameworks/AE.framework/Versions/A/AE
0x0000000007abd000 	/System/Library/Frameworks/CoreServices.framework/Versions/A/Frameworks/LaunchServices.framework/Versions/A/LaunchServices
0x0000000007abd000 	/System/Library/Frameworks/CoreServices.framework/Versions/A/Frameworks/DictionaryServices.framework/Versions/A/DictionaryServices
0x0000000007abd000 	/System/Library/Frameworks/NetFS.framework/Versions/A/NetFS
0x0000000007abd000 	/System/Library/PrivateFrameworks/NetAuth.framework/Versions/A/NetAuth
0x0000000007abd000 	/System/Library/PrivateFrameworks/login.framework/Versions/A/Frameworks/loginsupport.framework/Versions/A/loginsupport
0x0000000007abd000 	/System/Library/PrivateFrameworks/TCC.framework/Versions/A/TCC
0x0000000007abd000 	/usr/lib/libmecabra.dylib
0x0000000007abd000 	/System/Library/Frameworks/ApplicationServices.framework/Versions/A/Frameworks/ATS.framework/Versions/A/ATS
0x0000000007abd000 	/System/Library/Frameworks/ApplicationServices.framework/Versions/A/Frameworks/ColorSync.framework/Versions/A/ColorSync
0x0000000007abd000 	/System/Library/Frameworks/ApplicationServices.framework/Versions/A/Frameworks/HIServices.framework/Versions/A/HIServices
0x0000000007abd000 	/System/Library/Frameworks/ApplicationServices.framework/Versions/A/Frameworks/LangAnalysis.framework/Versions/A/LangAnalysis
0x0000000007abd000 	/System/Library/Frameworks/ApplicationServices.framework/Versions/A/Frameworks/PrintCore.framework/Versions/A/PrintCore
0x0000000007abd000 	/System/Library/Frameworks/ApplicationServices.framework/Versions/A/Frameworks/QD.framework/Versions/A/QD
0x0000000007abd000 	/System/Library/Frameworks/ApplicationServices.framework/Versions/A/Frameworks/SpeechSynthesis.framework/Versions/A/SpeechSynthesis
0x0000000007abd000 	/System/Library/Frameworks/Accelerate.framework/Versions/A/Accelerate
0x0000000007abd000 	/System/Library/Frameworks/Accelerate.framework/Versions/A/Frameworks/vImage.framework/Versions/A/vImage
0x0000000007abd000 	/System/Library/Frameworks/Accelerate.framework/Versions/A/Frameworks/vecLib.framework/Versions/A/vecLib
0x0000000007abd000 	/System/Library/Frameworks/Accelerate.framework/Versions/A/Frameworks/vecLib.framework/Versions/A/libvDSP.dylib
0x0000000007abd000 	/System/Library/Frameworks/Accelerate.framework/Versions/A/Frameworks/vecLib.framework/Versions/A/libvMisc.dylib
0x0000000007abd000 	/System/Library/Frameworks/Accelerate.framework/Versions/A/Frameworks/vecLib.framework/Versions/A/libLAPACK.dylib
0x0000000007abd000 	/System/Library/Frameworks/Accelerate.framework/Versions/A/Frameworks/vecLib.framework/Versions/A/libBLAS.dylib
0x0000000007abd000 	/System/Library/Frameworks/Accelerate.framework/Versions/A/Frameworks/vecLib.framework/Versions/A/libLinearAlgebra.dylib
0x0000000007abd000 	/System/Library/Frameworks/ApplicationServices.framework/Versions/A/Frameworks/ATS.framework/Versions/A/Resources/libFontParser.dylib
0x0000000007abd000 	/System/Library/Frameworks/ApplicationServices.framework/Versions/A/Frameworks/ATS.framework/Versions/A/Resources/libFontRegistry.dylib
0x0000000007abd000 	/System/Library/PrivateFrameworks/AppleVPA.framework/Versions/A/AppleVPA
0x0000000007abd000 	/System/Library/PrivateFrameworks/AppleJPEG.framework/Versions/A/AppleJPEG
0x0000000007abd000 	/System/Library/Frameworks/ImageIO.framework/Versions/A/Resources/libJPEG.dylib
0x0000000007abd000 	/System/Library/Frameworks/ImageIO.framework/Versions/A/Resources/libTIFF.dylib
0x0000000007abd000 	/System/Library/Frameworks/ImageIO.framework/Versions/A/Resources/libPng.dylib
0x0000000007abd000 	/System/Library/Frameworks/ImageIO.framework/Versions/A/Resources/libGIF.dylib
0x0000000007abd000 	/System/Library/Frameworks/ImageIO.framework/Versions/A/Resources/libJP2.dylib
0x0000000007abd000 	/System/Library/Frameworks/ImageIO.framework/Versions/A/Resources/libRadiance.dylib
0x0000000007abd000 	/System/Library/Frameworks/CoreVideo.framework/Versions/A/CoreVideo
0x0000000007abd000 	/System/Library/Frameworks/OpenGL.framework/Versions/A/Libraries/libGLU.dylib
0x0000000007abd000 	/System/Library/Frameworks/OpenGL.framework/Versions/A/Libraries/libGFXShared.dylib
0x0000000007abd000 	/System/Library/Frameworks/OpenGL.framework/Versions/A/Libraries/libGL.dylib
0x0000000007abd000 	/System/Library/Frameworks/OpenGL.framework/Versions/A/Libraries/libGLImage.dylib
0x0000000007abd000 	/System/Library/Frameworks/OpenGL.framework/Versions/A/Libraries/libCVMSPluginSupport.dylib
0x0000000007abd000 	/System/Library/Frameworks/OpenGL.framework/Versions/A/Libraries/libCoreVMClient.dylib
0x0000000007abd000 	/usr/lib/libcups.2.dylib
0x0000000007abd000 	/System/Library/Frameworks/Kerberos.framework/Versions/A/Kerberos
0x0000000007abd000 	/System/Library/Frameworks/GSS.framework/Versions/A/GSS
0x0000000007abd000 	/usr/lib/libresolv.9.dylib
0x0000000007abd000 	/usr/lib/libiconv.2.dylib
0x0000000007abd000 	/System/Library/PrivateFrameworks/Heimdal.framework/Versions/A/Heimdal
0x0000000007abd000 	/usr/lib/libheimdal-asn1.dylib
0x0000000007abd000 	/System/Library/Frameworks/OpenDirectory.framework/Versions/A/OpenDirectory
0x0000000007abd000 	/System/Library/PrivateFrameworks/CommonAuth.framework/Versions/A/CommonAuth
0x0000000007abd000 	/System/Library/Frameworks/OpenDirectory.framework/Versions/A/Frameworks/CFOpenDirectory.framework/Versions/A/CFOpenDirectory
0x0000000007abd000 	/System/Library/Frameworks/SecurityFoundation.framework/Versions/A/SecurityFoundation
0x0000000007abd000 	/System/Library/PrivateFrameworks/LanguageModeling.framework/Versions/A/LanguageModeling
0x0000000007abd000 	/usr/lib/libcmph.dylib
0x0000000007abd000 	/System/Library/Frameworks/ServiceManagement.framework/Versions/A/ServiceManagement
0x0000000007abd000 	/usr/lib/libxslt.1.dylib
0x0000000007abd000 	/System/Library/Frameworks/Carbon.framework/Versions/A/Frameworks/Ink.framework/Versions/A/Ink
0x0000000007abd000 	/System/Library/Frameworks/QuartzCore.framework/Versions/A/Frameworks/CoreImage.framework/Versions/A/CoreImage
0x0000000007abd000 	/System/Library/PrivateFrameworks/CrashReporterSupport.framework/Versions/A/CrashReporterSupport
0x0000000007abd000 	/System/Library/Frameworks/OpenCL.framework/Versions/A/OpenCL
0x0000000007abd000 	/System/Library/PrivateFrameworks/FaceCore.framework/Versions/A/FaceCore
0x0000000007abd000 	/System/Library/PrivateFrameworks/Ubiquity.framework/Versions/A/Ubiquity
0x0000000007abd000 	/System/Library/PrivateFrameworks/IconServices.framework/Versions/A/IconServices
0x0000000007abd000 	/System/Library/PrivateFrameworks/ChunkingLibrary.framework/Versions/A/ChunkingLibrary
0x0000000007abd000 	/System/Library/PrivateFrameworks/Apple80211.framework/Versions/A/Apple80211
0x0000000007abd000 	/System/Library/Frameworks/CoreWLAN.framework/Versions/A/CoreWLAN
0x0000000007abd000 	/System/Library/Frameworks/IOBluetooth.framework/Versions/A/IOBluetooth
0x0000000007abd000 	/System/Library/PrivateFrameworks/CoreWiFi.framework/Versions/A/CoreWiFi
0x0000000007abd000 	/System/Library/Frameworks/CoreBluetooth.framework/Versions/A/CoreBluetooth
0x0000000007abd000 	/System/Library/PrivateFrameworks/DebugSymbols.framework/Versions/A/DebugSymbols
0x0000000007abd000 	/System/Library/PrivateFrameworks/CoreSymbolication.framework/Versions/A/CoreSymbolication
0x0000000007abd000 	/System/Library/PrivateFrameworks/Symbolication.framework/Versions/A/Symbolication
0x0000000007abd000 	/System/Library/PrivateFrameworks/SpeechRecognitionCore.framework/Versions/A/SpeechRecognitionCore
0x0000000106600000 	/Library/Java/JavaVirtualMachines/jdk1.8.0_40.jdk/Contents/Home/jre/lib/server/libjvm.dylib
0x0000000007abd000 	/usr/lib/libstdc++.6.dylib
0x0000000105d3e000 	/Library/Java/JavaVirtualMachines/jdk1.8.0_40.jdk/Contents/Home/jre/lib/libverify.dylib
0x0000000105d4c000 	/Library/Java/JavaVirtualMachines/jdk1.8.0_40.jdk/Contents/Home/jre/lib/libjava.dylib
0x0000000105d82000 	/Library/Java/JavaVirtualMachines/jdk1.8.0_40.jdk/Contents/Home/jre/lib/libjdwp.dylib
0x0000000105dcd000 	/Library/Java/JavaVirtualMachines/jdk1.8.0_40.jdk/Contents/Home/jre/lib/libnpt.dylib
0x0000000105dda000 	/Library/Java/JavaVirtualMachines/jdk1.8.0_40.jdk/Contents/Home/jre/lib/libzip.dylib
0x0000000105de4000 	/System/Library/Frameworks/JavaVM.framework/Frameworks/JavaRuntimeSupport.framework/JavaRuntimeSupport
0x000000011d5e0000 	/System/Library/Frameworks/JavaVM.framework/Versions/A/Frameworks/JavaNativeFoundation.framework/Versions/A/JavaNativeFoundation
0x000000011d5f5000 	/System/Library/Frameworks/JavaVM.framework/Versions/A/JavaVM
0x0000000007abd000 	/System/Library/Frameworks/Carbon.framework/Versions/A/Carbon
0x000000011d602000 	/System/Library/PrivateFrameworks/JavaLaunching.framework/Versions/A/JavaLaunching
0x0000000007abd000 	/System/Library/Frameworks/Carbon.framework/Versions/A/Frameworks/CommonPanels.framework/Versions/A/CommonPanels
0x0000000007abd000 	/System/Library/Frameworks/Carbon.framework/Versions/A/Frameworks/Help.framework/Versions/A/Help
0x0000000007abd000 	/System/Library/Frameworks/Carbon.framework/Versions/A/Frameworks/ImageCapture.framework/Versions/A/ImageCapture
0x0000000007abd000 	/System/Library/Frameworks/Carbon.framework/Versions/A/Frameworks/OpenScripting.framework/Versions/A/OpenScripting
0x0000000007abd000 	/System/Library/Frameworks/Carbon.framework/Versions/A/Frameworks/Print.framework/Versions/A/Print
0x0000000007abd000 	/System/Library/Frameworks/Carbon.framework/Versions/A/Frameworks/SecurityHI.framework/Versions/A/SecurityHI
0x000000011efe9000 	/Library/Java/JavaVirtualMachines/jdk1.8.0_40.jdk/Contents/Home/jre/lib/libdt_socket.dylib
0x000000011f84d000 	/Library/Java/JavaVirtualMachines/jdk1.8.0_40.jdk/Contents/Home/jre/lib/libnet.dylib
0x000000011f9f1000 	/Library/Java/JavaVirtualMachines/jdk1.8.0_40.jdk/Contents/Home/jre/lib/libnio.dylib

VM Arguments:
jvm_args: -agentlib:jdwp=transport=dt_socket,suspend=y,address=localhost:50558 -Dfile.encoding=UTF-8 
java_command: org.eclipse.jdt.internal.junit.runner.RemoteTestRunner -version 3 -port 50557 -testLoaderClass org.eclipse.jdt.internal.junit4.runner.JUnit4TestLoader -loaderpluginname org.eclipse.jdt.junit4.runtime -classNames ch.epfl.xblast.etape6.RandomTestGame
java_class_path (initial): /Users/guerra/Documents/Eclipse/XBlast 2016/bin:/Applications/eclipse/plugins/org.junit_4.11.0.v201303080030/junit.jar:/Applications/eclipse/plugins/org.hamcrest.core_1.3.0.v201303031735.jar:/Users/guerra/Documents/Eclipse/XBlast 2016/lib/sq.jar:/Applications/eclipse/configuration/org.eclipse.osgi/203/0/.cp/:/Applications/eclipse/configuration/org.eclipse.osgi/202/0/.cp/
Launcher Type: SUN_STANDARD

Environment Variables:
PATH=/usr/bin:/bin:/usr/sbin:/sbin
SHELL=/bin/bash

Signal Handlers:
SIGSEGV: [libjvm.dylib+0x58ef95], sa_mask[0]=11111111011111110111111111111111, sa_flags=SA_ONSTACK|SA_RESTART|SA_SIGINFO
SIGBUS: [libjvm.dylib+0x58ef95], sa_mask[0]=11111111011111110111111111111111, sa_flags=SA_RESTART|SA_SIGINFO
SIGFPE: [libjvm.dylib+0x46c118], sa_mask[0]=11111111011111110111111111111111, sa_flags=SA_RESTART|SA_SIGINFO
SIGPIPE: [libjvm.dylib+0x46c118], sa_mask[0]=11111111011111110111111111111111, sa_flags=SA_RESTART|SA_SIGINFO
SIGXFSZ: [libjvm.dylib+0x46c118], sa_mask[0]=11111111011111110111111111111111, sa_flags=SA_RESTART|SA_SIGINFO
SIGILL: [libjvm.dylib+0x46c118], sa_mask[0]=11111111011111110111111111111111, sa_flags=SA_RESTART|SA_SIGINFO
SIGUSR1: SIG_DFL, sa_mask[0]=00000000000000000000000000000000, sa_flags=none
SIGUSR2: [libjvm.dylib+0x46bc36], sa_mask[0]=00100000000000000000000000000000, sa_flags=SA_RESTART|SA_SIGINFO
SIGHUP: [libjvm.dylib+0x46a209], sa_mask[0]=11111111011111110111111111111111, sa_flags=SA_RESTART|SA_SIGINFO
SIGINT: [libjvm.dylib+0x46a209], sa_mask[0]=11111111011111110111111111111111, sa_flags=SA_RESTART|SA_SIGINFO
SIGTERM: [libjvm.dylib+0x46a209], sa_mask[0]=11111111011111110111111111111111, sa_flags=SA_RESTART|SA_SIGINFO
SIGQUIT: [libjvm.dylib+0x46a209], sa_mask[0]=11111111011111110111111111111111, sa_flags=SA_RESTART|SA_SIGINFO


---------------  S Y S T E M  ---------------

OS:Bsduname:Darwin 14.5.0 Darwin Kernel Version 14.5.0: Wed Jul 29 02:26:53 PDT 2015; root:xnu-2782.40.9~1/RELEASE_X86_64 x86_64
rlimit: STACK 8192k, CORE 0k, NPROC 709, NOFILE 10240, AS infinity
load average:1.92 1.68 1.62

CPU:total 4 (2 cores per cpu, 2 threads per core) family 6 model 69 stepping 1, cmov, cx8, fxsr, mmx, sse, sse2, sse3, ssse3, sse4.1, sse4.2, popcnt, avx, avx2, aes, clmul, erms, lzcnt, ht, tsc, tscinvbit, bmi1, bmi2

Memory: 4k page, physical 8388608k(1009344k free)

/proc/meminfo:


vm_info: Java HotSpot(TM) 64-Bit Server VM (25.40-b25) for bsd-amd64 JRE (1.8.0_40-b27), built on Mar 13 2015 04:46:52 by "java_re" with gcc 4.2.1 (Based on Apple Inc. build 5658) (LLVM build 2336.11.00)

time: Thu Apr 14 19:33:42 2016
elapsed time: 175 seconds (0d 0h 2m 55s)

